{"name": "创建英雄_test_create_hero_name_fail", "status": "failed", "statusDetails": {"message": "AssertionError: assert {'name': ',,', 'power': 20, 'volume': 20} == False", "trace": "self = <test_game_by_data.test_create_hero.Test_hero object at 0x0000015A4C3039D0>\nname = ',,'\n\n    @allure.title(\"创建英雄_test_create_hero_name_fail\")\n    @pytest.mark.FAIL\n    @pytest.mark.run(order=2)\n    @pytest.mark.parametrize(\"name\", LoadUtils.loadData(\"test_hero_create.yaml\")[\"name_fail\"], ids=[\"姓名_fail\"])\n    def test_create_hero_name_fail(self, name):\n        hero_management = HeroManagement()\n        hero_management.create_hero(name, 20, 20)\n        res = hero_management.find_hero(name)\n>       assert res == False\nE       AssertionError: assert {'name': ',,', 'power': 20, 'volume': 20} == False\n\ntest_create_hero.py:28: AssertionError"}, "parameters": [{"name": "name", "value": "',,'"}], "start": 1684677423608, "stop": 1684677423608, "uuid": "7faed36f-bfc4-40d6-927f-03fd5684de70", "historyId": "1873b4f3e282d8f3ccc2401b73c84afa", "testCaseId": "c361f1de8cd689081658d2916f6fc2a6", "fullName": "test_create_hero.Test_hero#test_create_hero_name_fail", "labels": [{"name": "tag", "value": "run(order=2)"}, {"name": "tag", "value": "FAIL"}, {"name": "suite", "value": "test_create_hero"}, {"name": "subSuite", "value": "Test_hero"}, {"name": "host", "value": "WIN-20230414OLX"}, {"name": "thread", "value": "14340-MainThread"}, {"name": "framework", "value": "pytest"}, {"name": "language", "value": "cpython3"}, {"name": "package", "value": "test_create_hero"}]}